# JRE version: Java(TM) SE Runtime Environment 18.9 (11.0.12+8) (build 11.0.12+8-LTS-237)
# Java VM: Java HotSpot(TM) 64-Bit Server VM 18.9 (11.0.12+8-LTS-237, mixed mode, tiered, compressed oops, g1 gc, windows-amd64)
Heap:
 garbage-first heap   total 620544K, used 277443K [0x00000000c9a00000, 0x0000000100000000)
  region size 1024K, 87 young (89088K), 22 survivors (22528K)
 Metaspace       used 73792K, capacity 75036K, committed 75164K, reserved 1116160K
  class space    used 7889K, capacity 8326K, committed 8428K, reserved 1048576K
GC Heap History (10 events):
Event: 133.517 GC heap before
{Heap before GC invocations=249 (full 0):
 garbage-first heap   total 608256K, used 506594K [0x00000000c9a00000, 0x0000000100000000)
  region size 1024K, 315 young (322560K), 20 survivors (20480K)
 Metaspace       used 73773K, capacity 75030K, committed 75164K, reserved 1116160K
  class space    used 7889K, capacity 8325K, committed 8428K, reserved 1048576K
}
Event: 133.556 GC heap after
{Heap after GC invocations=250 (full 0):
 garbage-first heap   total 608256K, used 206562K [0x00000000c9a00000, 0x0000000100000000)
  region size 1024K, 22 young (22528K), 22 survivors (22528K)
 Metaspace       used 73773K, capacity 75030K, committed 75164K, reserved 1116160K
  class space    used 7889K, capacity 8325K, committed 8428K, reserved 1048576K
}
Event: 133.953 GC heap before
{Heap before GC invocations=250 (full 0):
 garbage-first heap   total 608256K, used 507618K [0x00000000c9a00000, 0x0000000100000000)
  region size 1024K, 316 young (323584K), 22 survivors (22528K)
 Metaspace       used 73773K, capacity 75030K, committed 75164K, reserved 1116160K
  class space    used 7889K, capacity 8325K, committed 8428K, reserved 1048576K
}
Event: 133.988 GC heap after
{Heap after GC invocations=251 (full 0):
 garbage-first heap   total 608256K, used 207523K [0x00000000c9a00000, 0x0000000100000000)
  region size 1024K, 21 young (21504K), 21 survivors (21504K)
 Metaspace       used 73773K, capacity 75030K, committed 75164K, reserved 1116160K
  class space    used 7889K, capacity 8325K, committed 8428K, reserved 1048576K
}
Event: 134.340 GC heap before
{Heap before GC invocations=251 (full 0):
 garbage-first heap   total 608256K, used 506531K [0x00000000c9a00000, 0x0000000100000000)
  region size 1024K, 313 young (320512K), 21 survivors (21504K)
 Metaspace       used 73778K, capacity 75030K, committed 75164K, reserved 1116160K
  class space    used 7889K, capacity 8325K, committed 8428K, reserved 1048576K
}
Event: 134.374 GC heap after
{Heap after GC invocations=252 (full 0):
 garbage-first heap   total 608256K, used 209059K [0x00000000c9a00000, 0x0000000100000000)
  region size 1024K, 22 young (22528K), 22 survivors (22528K)
 Metaspace       used 73778K, capacity 75030K, committed 75164K, reserved 1116160K
  class space    used 7889K, capacity 8325K, committed 8428K, reserved 1048576K
}
Event: 134.740 GC heap before
{Heap before GC invocations=252 (full 0):
 garbage-first heap   total 608256K, used 507043K [0x00000000c9a00000, 0x0000000100000000)
  region size 1024K, 313 young (320512K), 22 survivors (22528K)
 Metaspace       used 73778K, capacity 75030K, committed 75164K, reserved 1116160K
  class space    used 7889K, capacity 8325K, committed 8428K, reserved 1048576K
}
Event: 134.776 GC heap after
{Heap after GC invocations=253 (full 0):
 garbage-first heap   total 620544K, used 211327K [0x00000000c9a00000, 0x0000000100000000)
  region size 1024K, 23 young (23552K), 23 survivors (23552K)
 Metaspace       used 73778K, capacity 75030K, committed 75164K, reserved 1116160K
  class space    used 7889K, capacity 8325K, committed 8428K, reserved 1048576K
}
Event: 135.245 GC heap before
{Heap before GC invocations=253 (full 0):
 garbage-first heap   total 620544K, used 517503K [0x00000000c9a00000, 0x0000000100000000)
  region size 1024K, 322 young (329728K), 23 survivors (23552K)
 Metaspace       used 73790K, capacity 75036K, committed 75164K, reserved 1116160K
  class space    used 7889K, capacity 8326K, committed 8428K, reserved 1048576K
}
Event: 135.280 GC heap after
{Heap after GC invocations=254 (full 0):
 garbage-first heap   total 620544K, used 211907K [0x00000000c9a00000, 0x0000000100000000)
  region size 1024K, 22 young (22528K), 22 survivors (22528K)
 Metaspace       used 73790K, capacity 75036K, committed 75164K, reserved 1116160K
  class space    used 7889K, capacity 8326K, committed 8428K, reserved 1048576K
}

